<!DOCTYPE html>
<html lang="en">
<head>
    <meta charset="UTF-8">
    <meta name="viewport" content="width=device-width, initial-scale=1.0">
    <title>Abdullahi Faruk's Website</title>
    <style>
        /* Add your CSS styles here */
        body {
            font-family: Arial, sans-serif;
            margin: 0;
            padding: 0;
            background-color: #f0f0f0;
        }

        header {
            background-color: #333;
            color: #fff;
            padding: 10px;
            text-align: center;
        }

        .container {
            max-width: 800px;
            margin: 20px auto;
            padding: 0 20px;
        }

        h1 {
            color: #333;
        }

        p {
            color: #666;
            line-height: 1.6;
        }

        footer {
            background-color: #333;
            color: #fff;
            padding: 10px;
            text-align: center;
            position: fixed;
            bottom: 0;
            width: 100%;
        }
    </style>
</head>
<body>

<header>
    <h1>Welcome to Abdullahi Faruk's Website</h1>
</header>

<div class="container">
    <p>This is a sample HTML file. You can edit it to create your own website.</p>
    <p>Feel free to modify the content and style as needed.</p>
    <p>You can find me on:</p>
    <ul>
        <li><a href="https://github.com/Farukhsb" target="_blank">GitHub</a></li>
        <li><a href="https://linkedin.com/in/Af45" target="_blank">LinkedIn</a></li>
    </ul>
</div>

<footer>
    <p>&copy; 2024 Abdullahi Faruk. All rights reserved.</p>
</footer>

</body>
</html>
